18-Nov-2019 14:24:39.643 INFO [main] org.apache.catalina.startup.VersionLoggerListener.log Server version name:   Apache Tomcat/9.0.27
18-Nov-2019 14:24:39.648 INFO [main] org.apache.catalina.startup.VersionLoggerListener.log Server built:          Oct 7 2019 09:57:22 UTC
18-Nov-2019 14:24:39.649 INFO [main] org.apache.catalina.startup.VersionLoggerListener.log Server version number: 9.0.27.0
18-Nov-2019 14:24:39.649 INFO [main] org.apache.catalina.startup.VersionLoggerListener.log OS Name:               Windows 10
18-Nov-2019 14:24:39.650 INFO [main] org.apache.catalina.startup.VersionLoggerListener.log OS Version:            10.0
18-Nov-2019 14:24:39.650 INFO [main] org.apache.catalina.startup.VersionLoggerListener.log Architecture:          amd64
18-Nov-2019 14:24:39.650 INFO [main] org.apache.catalina.startup.VersionLoggerListener.log Java Home:             C:\Program Files\Java\jdk-13.0.1
18-Nov-2019 14:24:39.650 INFO [main] org.apache.catalina.startup.VersionLoggerListener.log JVM Version:           13.0.1+9
18-Nov-2019 14:24:39.651 INFO [main] org.apache.catalina.startup.VersionLoggerListener.log JVM Vendor:            Oracle Corporation
18-Nov-2019 14:24:39.651 INFO [main] org.apache.catalina.startup.VersionLoggerListener.log CATALINA_BASE:         C:\Users\Eoin\apache-tomcat-9.0.27
18-Nov-2019 14:24:39.651 INFO [main] org.apache.catalina.startup.VersionLoggerListener.log CATALINA_HOME:         C:\Users\Eoin\apache-tomcat-9.0.27
18-Nov-2019 14:24:39.676 INFO [main] org.apache.catalina.startup.VersionLoggerListener.log Command line argument: --add-opens=java.base/java.lang=ALL-UNNAMED
18-Nov-2019 14:24:39.677 INFO [main] org.apache.catalina.startup.VersionLoggerListener.log Command line argument: --add-opens=java.base/java.io=ALL-UNNAMED
18-Nov-2019 14:24:39.677 INFO [main] org.apache.catalina.startup.VersionLoggerListener.log Command line argument: --add-opens=java.rmi/sun.rmi.transport=ALL-UNNAMED
18-Nov-2019 14:24:39.677 INFO [main] org.apache.catalina.startup.VersionLoggerListener.log Command line argument: -Djava.util.logging.config.file=C:\Users\Eoin\apache-tomcat-9.0.27\conf\logging.properties
18-Nov-2019 14:24:39.678 INFO [main] org.apache.catalina.startup.VersionLoggerListener.log Command line argument: -Djava.util.logging.manager=org.apache.juli.ClassLoaderLogManager
18-Nov-2019 14:24:39.679 INFO [main] org.apache.catalina.startup.VersionLoggerListener.log Command line argument: -Djdk.tls.ephemeralDHKeySize=2048
18-Nov-2019 14:24:39.680 INFO [main] org.apache.catalina.startup.VersionLoggerListener.log Command line argument: -Djava.protocol.handler.pkgs=org.apache.catalina.webresources
18-Nov-2019 14:24:39.681 INFO [main] org.apache.catalina.startup.VersionLoggerListener.log Command line argument: -Dignore.endorsed.dirs=
18-Nov-2019 14:24:39.681 INFO [main] org.apache.catalina.startup.VersionLoggerListener.log Command line argument: -Dcatalina.base=C:\Users\Eoin\apache-tomcat-9.0.27
18-Nov-2019 14:24:39.682 INFO [main] org.apache.catalina.startup.VersionLoggerListener.log Command line argument: -Dcatalina.home=C:\Users\Eoin\apache-tomcat-9.0.27
18-Nov-2019 14:24:39.683 INFO [main] org.apache.catalina.startup.VersionLoggerListener.log Command line argument: -Djava.io.tmpdir=C:\Users\Eoin\apache-tomcat-9.0.27\temp
18-Nov-2019 14:24:39.684 INFO [main] org.apache.catalina.core.AprLifecycleListener.lifecycleEvent Loaded APR based Apache Tomcat Native library [1.2.23] using APR version [1.7.0].
18-Nov-2019 14:24:39.685 INFO [main] org.apache.catalina.core.AprLifecycleListener.lifecycleEvent APR capabilities: IPv6 [true], sendfile [true], accept filters [false], random [true].
18-Nov-2019 14:24:39.685 INFO [main] org.apache.catalina.core.AprLifecycleListener.lifecycleEvent APR/OpenSSL configuration: useAprConnector [false], useOpenSSL [true]
18-Nov-2019 14:24:39.702 INFO [main] org.apache.catalina.core.AprLifecycleListener.initializeSSL OpenSSL successfully initialized [OpenSSL 1.1.1c  28 May 2019]
18-Nov-2019 14:24:40.026 INFO [main] org.apache.coyote.AbstractProtocol.init Initializing ProtocolHandler ["http-nio-8080"]
18-Nov-2019 14:24:40.299 INFO [main] org.apache.coyote.AbstractProtocol.init Initializing ProtocolHandler ["ajp-nio-8009"]
18-Nov-2019 14:24:40.306 INFO [main] org.apache.catalina.startup.Catalina.load Server initialization in [965] milliseconds
18-Nov-2019 14:24:40.367 INFO [main] org.apache.catalina.core.StandardService.startInternal Starting service [Catalina]
18-Nov-2019 14:24:40.367 INFO [main] org.apache.catalina.core.StandardEngine.startInternal Starting Servlet engine: [Apache Tomcat/9.0.27]
18-Nov-2019 14:24:40.384 INFO [main] org.apache.catalina.startup.HostConfig.deployDirectory Deploying web application directory [C:\Users\Eoin\apache-tomcat-9.0.27\webapps\docs]
18-Nov-2019 14:24:40.777 INFO [main] org.apache.catalina.startup.HostConfig.deployDirectory Deployment of web application directory [C:\Users\Eoin\apache-tomcat-9.0.27\webapps\docs] has finished in [394] ms
18-Nov-2019 14:24:40.778 INFO [main] org.apache.catalina.startup.HostConfig.deployDirectory Deploying web application directory [C:\Users\Eoin\apache-tomcat-9.0.27\webapps\examples]
18-Nov-2019 14:24:41.987 INFO [main] org.apache.catalina.startup.HostConfig.deployDirectory Deployment of web application directory [C:\Users\Eoin\apache-tomcat-9.0.27\webapps\examples] has finished in [1,208] ms
18-Nov-2019 14:24:41.988 INFO [main] org.apache.catalina.startup.HostConfig.deployDirectory Deploying web application directory [C:\Users\Eoin\apache-tomcat-9.0.27\webapps\host-manager]
18-Nov-2019 14:24:42.053 INFO [main] org.apache.catalina.startup.HostConfig.deployDirectory Deployment of web application directory [C:\Users\Eoin\apache-tomcat-9.0.27\webapps\host-manager] has finished in [65] ms
18-Nov-2019 14:24:42.054 INFO [main] org.apache.catalina.startup.HostConfig.deployDirectory Deploying web application directory [C:\Users\Eoin\apache-tomcat-9.0.27\webapps\manager]
18-Nov-2019 14:24:42.114 INFO [main] org.apache.catalina.startup.HostConfig.deployDirectory Deployment of web application directory [C:\Users\Eoin\apache-tomcat-9.0.27\webapps\manager] has finished in [60] ms
18-Nov-2019 14:24:42.115 INFO [main] org.apache.catalina.startup.HostConfig.deployDirectory Deploying web application directory [C:\Users\Eoin\apache-tomcat-9.0.27\webapps\ROOT]
18-Nov-2019 14:24:42.156 INFO [main] org.apache.catalina.startup.HostConfig.deployDirectory Deployment of web application directory [C:\Users\Eoin\apache-tomcat-9.0.27\webapps\ROOT] has finished in [41] ms
18-Nov-2019 14:24:42.163 INFO [main] org.apache.coyote.AbstractProtocol.start Starting ProtocolHandler ["http-nio-8080"]
18-Nov-2019 14:24:42.178 INFO [main] org.apache.coyote.AbstractProtocol.start Starting ProtocolHandler ["ajp-nio-8009"]
18-Nov-2019 14:24:42.185 INFO [main] org.apache.catalina.startup.Catalina.start Server startup in [1,878] milliseconds
18-Nov-2019 14:29:30.504 INFO [main] org.apache.catalina.core.StandardServer.await A valid shutdown command was received via the shutdown port. Stopping the Server instance.
18-Nov-2019 14:29:30.505 INFO [main] org.apache.coyote.AbstractProtocol.pause Pausing ProtocolHandler ["http-nio-8080"]
18-Nov-2019 14:29:30.652 INFO [main] org.apache.coyote.AbstractProtocol.pause Pausing ProtocolHandler ["ajp-nio-8009"]
18-Nov-2019 14:29:30.788 INFO [main] org.apache.catalina.core.StandardService.stopInternal Stopping service [Catalina]
18-Nov-2019 14:29:30.843 INFO [main] org.apache.coyote.AbstractProtocol.stop Stopping ProtocolHandler ["http-nio-8080"]
18-Nov-2019 14:29:30.846 INFO [main] org.apache.coyote.AbstractProtocol.stop Stopping ProtocolHandler ["ajp-nio-8009"]
18-Nov-2019 14:29:30.857 INFO [main] org.apache.coyote.AbstractProtocol.destroy Destroying ProtocolHandler ["http-nio-8080"]
18-Nov-2019 14:29:30.858 INFO [main] org.apache.coyote.AbstractProtocol.destroy Destroying ProtocolHandler ["ajp-nio-8009"]
18-Nov-2019 14:34:52.709 INFO [main] org.apache.catalina.startup.VersionLoggerListener.log Server version name:   Apache Tomcat/9.0.27
18-Nov-2019 14:34:52.714 INFO [main] org.apache.catalina.startup.VersionLoggerListener.log Server built:          Oct 7 2019 09:57:22 UTC
18-Nov-2019 14:34:52.715 INFO [main] org.apache.catalina.startup.VersionLoggerListener.log Server version number: 9.0.27.0
18-Nov-2019 14:34:52.715 INFO [main] org.apache.catalina.startup.VersionLoggerListener.log OS Name:               Windows 10
18-Nov-2019 14:34:52.715 INFO [main] org.apache.catalina.startup.VersionLoggerListener.log OS Version:            10.0
18-Nov-2019 14:34:52.716 INFO [main] org.apache.catalina.startup.VersionLoggerListener.log Architecture:          amd64
18-Nov-2019 14:34:52.716 INFO [main] org.apache.catalina.startup.VersionLoggerListener.log Java Home:             C:\Program Files\Java\jdk-13.0.1
18-Nov-2019 14:34:52.716 INFO [main] org.apache.catalina.startup.VersionLoggerListener.log JVM Version:           13.0.1+9
18-Nov-2019 14:34:52.717 INFO [main] org.apache.catalina.startup.VersionLoggerListener.log JVM Vendor:            Oracle Corporation
18-Nov-2019 14:34:52.717 INFO [main] org.apache.catalina.startup.VersionLoggerListener.log CATALINA_BASE:         C:\Users\Eoin\Desktop\College\KnowledgeAndDataEngineering\LFBAnimalRescueQueryApp\apache-tomcat-9.0.27
18-Nov-2019 14:34:52.717 INFO [main] org.apache.catalina.startup.VersionLoggerListener.log CATALINA_HOME:         C:\Users\Eoin\Desktop\College\KnowledgeAndDataEngineering\LFBAnimalRescueQueryApp\apache-tomcat-9.0.27
18-Nov-2019 14:34:52.732 INFO [main] org.apache.catalina.startup.VersionLoggerListener.log Command line argument: --add-opens=java.base/java.lang=ALL-UNNAMED
18-Nov-2019 14:34:52.733 INFO [main] org.apache.catalina.startup.VersionLoggerListener.log Command line argument: --add-opens=java.base/java.io=ALL-UNNAMED
18-Nov-2019 14:34:52.733 INFO [main] org.apache.catalina.startup.VersionLoggerListener.log Command line argument: --add-opens=java.rmi/sun.rmi.transport=ALL-UNNAMED
18-Nov-2019 14:34:52.734 INFO [main] org.apache.catalina.startup.VersionLoggerListener.log Command line argument: -Djava.util.logging.config.file=C:\Users\Eoin\Desktop\College\KnowledgeAndDataEngineering\LFBAnimalRescueQueryApp\apache-tomcat-9.0.27\conf\logging.properties
18-Nov-2019 14:34:52.734 INFO [main] org.apache.catalina.startup.VersionLoggerListener.log Command line argument: -Djava.util.logging.manager=org.apache.juli.ClassLoaderLogManager
18-Nov-2019 14:34:52.735 INFO [main] org.apache.catalina.startup.VersionLoggerListener.log Command line argument: -Djdk.tls.ephemeralDHKeySize=2048
18-Nov-2019 14:34:52.735 INFO [main] org.apache.catalina.startup.VersionLoggerListener.log Command line argument: -Djava.protocol.handler.pkgs=org.apache.catalina.webresources
18-Nov-2019 14:34:52.736 INFO [main] org.apache.catalina.startup.VersionLoggerListener.log Command line argument: -Dignore.endorsed.dirs=
18-Nov-2019 14:34:52.736 INFO [main] org.apache.catalina.startup.VersionLoggerListener.log Command line argument: -Dcatalina.base=C:\Users\Eoin\Desktop\College\KnowledgeAndDataEngineering\LFBAnimalRescueQueryApp\apache-tomcat-9.0.27
18-Nov-2019 14:34:52.737 INFO [main] org.apache.catalina.startup.VersionLoggerListener.log Command line argument: -Dcatalina.home=C:\Users\Eoin\Desktop\College\KnowledgeAndDataEngineering\LFBAnimalRescueQueryApp\apache-tomcat-9.0.27
18-Nov-2019 14:34:52.737 INFO [main] org.apache.catalina.startup.VersionLoggerListener.log Command line argument: -Djava.io.tmpdir=C:\Users\Eoin\Desktop\College\KnowledgeAndDataEngineering\LFBAnimalRescueQueryApp\apache-tomcat-9.0.27\temp
18-Nov-2019 14:34:52.744 INFO [main] org.apache.catalina.core.AprLifecycleListener.lifecycleEvent Loaded APR based Apache Tomcat Native library [1.2.23] using APR version [1.7.0].
18-Nov-2019 14:34:52.744 INFO [main] org.apache.catalina.core.AprLifecycleListener.lifecycleEvent APR capabilities: IPv6 [true], sendfile [true], accept filters [false], random [true].
18-Nov-2019 14:34:52.744 INFO [main] org.apache.catalina.core.AprLifecycleListener.lifecycleEvent APR/OpenSSL configuration: useAprConnector [false], useOpenSSL [true]
18-Nov-2019 14:34:52.750 INFO [main] org.apache.catalina.core.AprLifecycleListener.initializeSSL OpenSSL successfully initialized [OpenSSL 1.1.1c  28 May 2019]
18-Nov-2019 14:34:53.013 INFO [main] org.apache.coyote.AbstractProtocol.init Initializing ProtocolHandler ["http-nio-8080"]
18-Nov-2019 14:34:53.250 INFO [main] org.apache.coyote.AbstractProtocol.init Initializing ProtocolHandler ["ajp-nio-8009"]
18-Nov-2019 14:34:53.256 INFO [main] org.apache.catalina.startup.Catalina.load Server initialization in [778] milliseconds
18-Nov-2019 14:34:53.307 INFO [main] org.apache.catalina.core.StandardService.startInternal Starting service [Catalina]
18-Nov-2019 14:34:53.308 INFO [main] org.apache.catalina.core.StandardEngine.startInternal Starting Servlet engine: [Apache Tomcat/9.0.27]
18-Nov-2019 14:34:53.322 INFO [main] org.apache.catalina.startup.HostConfig.deployDirectory Deploying web application directory [C:\Users\Eoin\Desktop\College\KnowledgeAndDataEngineering\LFBAnimalRescueQueryApp\apache-tomcat-9.0.27\webapps\docs]
18-Nov-2019 14:34:53.669 INFO [main] org.apache.catalina.startup.HostConfig.deployDirectory Deployment of web application directory [C:\Users\Eoin\Desktop\College\KnowledgeAndDataEngineering\LFBAnimalRescueQueryApp\apache-tomcat-9.0.27\webapps\docs] has finished in [348] ms
18-Nov-2019 14:34:53.670 INFO [main] org.apache.catalina.startup.HostConfig.deployDirectory Deploying web application directory [C:\Users\Eoin\Desktop\College\KnowledgeAndDataEngineering\LFBAnimalRescueQueryApp\apache-tomcat-9.0.27\webapps\examples]
18-Nov-2019 14:34:55.506 INFO [main] org.apache.catalina.startup.HostConfig.deployDirectory Deployment of web application directory [C:\Users\Eoin\Desktop\College\KnowledgeAndDataEngineering\LFBAnimalRescueQueryApp\apache-tomcat-9.0.27\webapps\examples] has finished in [1,836] ms
18-Nov-2019 14:34:55.507 INFO [main] org.apache.catalina.startup.HostConfig.deployDirectory Deploying web application directory [C:\Users\Eoin\Desktop\College\KnowledgeAndDataEngineering\LFBAnimalRescueQueryApp\apache-tomcat-9.0.27\webapps\host-manager]
18-Nov-2019 14:34:55.571 INFO [main] org.apache.catalina.startup.HostConfig.deployDirectory Deployment of web application directory [C:\Users\Eoin\Desktop\College\KnowledgeAndDataEngineering\LFBAnimalRescueQueryApp\apache-tomcat-9.0.27\webapps\host-manager] has finished in [64] ms
18-Nov-2019 14:34:55.572 INFO [main] org.apache.catalina.startup.HostConfig.deployDirectory Deploying web application directory [C:\Users\Eoin\Desktop\College\KnowledgeAndDataEngineering\LFBAnimalRescueQueryApp\apache-tomcat-9.0.27\webapps\manager]
18-Nov-2019 14:34:55.632 INFO [main] org.apache.catalina.startup.HostConfig.deployDirectory Deployment of web application directory [C:\Users\Eoin\Desktop\College\KnowledgeAndDataEngineering\LFBAnimalRescueQueryApp\apache-tomcat-9.0.27\webapps\manager] has finished in [60] ms
18-Nov-2019 14:34:55.633 INFO [main] org.apache.catalina.startup.HostConfig.deployDirectory Deploying web application directory [C:\Users\Eoin\Desktop\College\KnowledgeAndDataEngineering\LFBAnimalRescueQueryApp\apache-tomcat-9.0.27\webapps\ROOT]
18-Nov-2019 14:34:55.673 INFO [main] org.apache.catalina.startup.HostConfig.deployDirectory Deployment of web application directory [C:\Users\Eoin\Desktop\College\KnowledgeAndDataEngineering\LFBAnimalRescueQueryApp\apache-tomcat-9.0.27\webapps\ROOT] has finished in [40] ms
18-Nov-2019 14:34:55.681 INFO [main] org.apache.coyote.AbstractProtocol.start Starting ProtocolHandler ["http-nio-8080"]
18-Nov-2019 14:34:55.691 INFO [main] org.apache.coyote.AbstractProtocol.start Starting ProtocolHandler ["ajp-nio-8009"]
18-Nov-2019 14:34:55.723 INFO [main] org.apache.catalina.startup.Catalina.start Server startup in [2,466] milliseconds
18-Nov-2019 14:36:35.864 INFO [Catalina-utility-1] org.apache.catalina.startup.HostConfig.deployDirectory Deploying web application directory [C:\Users\Eoin\Desktop\College\KnowledgeAndDataEngineering\LFBAnimalRescueQueryApp\apache-tomcat-9.0.27\webapps\fuseki]
18-Nov-2019 14:36:35.941 INFO [Catalina-utility-1] org.apache.catalina.startup.HostConfig.deployDirectory Deployment of web application directory [C:\Users\Eoin\Desktop\College\KnowledgeAndDataEngineering\LFBAnimalRescueQueryApp\apache-tomcat-9.0.27\webapps\fuseki] has finished in [77] ms
18-Nov-2019 14:36:56.689 INFO [main] org.apache.catalina.core.StandardServer.await A valid shutdown command was received via the shutdown port. Stopping the Server instance.
18-Nov-2019 14:36:56.690 INFO [main] org.apache.coyote.AbstractProtocol.pause Pausing ProtocolHandler ["http-nio-8080"]
18-Nov-2019 14:36:56.801 INFO [main] org.apache.coyote.AbstractProtocol.pause Pausing ProtocolHandler ["ajp-nio-8009"]
18-Nov-2019 14:36:56.940 INFO [main] org.apache.catalina.core.StandardService.stopInternal Stopping service [Catalina]
18-Nov-2019 14:36:56.989 INFO [main] org.apache.coyote.AbstractProtocol.stop Stopping ProtocolHandler ["http-nio-8080"]
18-Nov-2019 14:36:56.993 INFO [main] org.apache.coyote.AbstractProtocol.stop Stopping ProtocolHandler ["ajp-nio-8009"]
18-Nov-2019 14:36:57.002 INFO [main] org.apache.coyote.AbstractProtocol.destroy Destroying ProtocolHandler ["http-nio-8080"]
18-Nov-2019 14:36:57.004 INFO [main] org.apache.coyote.AbstractProtocol.destroy Destroying ProtocolHandler ["ajp-nio-8009"]
18-Nov-2019 14:37:02.623 INFO [main] org.apache.catalina.startup.VersionLoggerListener.log Server version name:   Apache Tomcat/9.0.27
18-Nov-2019 14:37:02.627 INFO [main] org.apache.catalina.startup.VersionLoggerListener.log Server built:          Oct 7 2019 09:57:22 UTC
18-Nov-2019 14:37:02.628 INFO [main] org.apache.catalina.startup.VersionLoggerListener.log Server version number: 9.0.27.0
18-Nov-2019 14:37:02.629 INFO [main] org.apache.catalina.startup.VersionLoggerListener.log OS Name:               Windows 10
18-Nov-2019 14:37:02.629 INFO [main] org.apache.catalina.startup.VersionLoggerListener.log OS Version:            10.0
18-Nov-2019 14:37:02.629 INFO [main] org.apache.catalina.startup.VersionLoggerListener.log Architecture:          amd64
18-Nov-2019 14:37:02.629 INFO [main] org.apache.catalina.startup.VersionLoggerListener.log Java Home:             C:\Program Files\Java\jdk-13.0.1
18-Nov-2019 14:37:02.629 INFO [main] org.apache.catalina.startup.VersionLoggerListener.log JVM Version:           13.0.1+9
18-Nov-2019 14:37:02.630 INFO [main] org.apache.catalina.startup.VersionLoggerListener.log JVM Vendor:            Oracle Corporation
18-Nov-2019 14:37:02.630 INFO [main] org.apache.catalina.startup.VersionLoggerListener.log CATALINA_BASE:         C:\Users\Eoin\Desktop\College\KnowledgeAndDataEngineering\LFBAnimalRescueQueryApp\apache-tomcat-9.0.27
18-Nov-2019 14:37:02.630 INFO [main] org.apache.catalina.startup.VersionLoggerListener.log CATALINA_HOME:         C:\Users\Eoin\Desktop\College\KnowledgeAndDataEngineering\LFBAnimalRescueQueryApp\apache-tomcat-9.0.27
18-Nov-2019 14:37:02.644 INFO [main] org.apache.catalina.startup.VersionLoggerListener.log Command line argument: --add-opens=java.base/java.lang=ALL-UNNAMED
18-Nov-2019 14:37:02.649 INFO [main] org.apache.catalina.startup.VersionLoggerListener.log Command line argument: --add-opens=java.base/java.io=ALL-UNNAMED
18-Nov-2019 14:37:02.649 INFO [main] org.apache.catalina.startup.VersionLoggerListener.log Command line argument: --add-opens=java.rmi/sun.rmi.transport=ALL-UNNAMED
18-Nov-2019 14:37:02.649 INFO [main] org.apache.catalina.startup.VersionLoggerListener.log Command line argument: -Djava.util.logging.config.file=C:\Users\Eoin\Desktop\College\KnowledgeAndDataEngineering\LFBAnimalRescueQueryApp\apache-tomcat-9.0.27\conf\logging.properties
18-Nov-2019 14:37:02.650 INFO [main] org.apache.catalina.startup.VersionLoggerListener.log Command line argument: -Djava.util.logging.manager=org.apache.juli.ClassLoaderLogManager
18-Nov-2019 14:37:02.650 INFO [main] org.apache.catalina.startup.VersionLoggerListener.log Command line argument: -Djdk.tls.ephemeralDHKeySize=2048
18-Nov-2019 14:37:02.651 INFO [main] org.apache.catalina.startup.VersionLoggerListener.log Command line argument: -Djava.protocol.handler.pkgs=org.apache.catalina.webresources
18-Nov-2019 14:37:02.652 INFO [main] org.apache.catalina.startup.VersionLoggerListener.log Command line argument: -Dignore.endorsed.dirs=
18-Nov-2019 14:37:02.652 INFO [main] org.apache.catalina.startup.VersionLoggerListener.log Command line argument: -Dcatalina.base=C:\Users\Eoin\Desktop\College\KnowledgeAndDataEngineering\LFBAnimalRescueQueryApp\apache-tomcat-9.0.27
18-Nov-2019 14:37:02.653 INFO [main] org.apache.catalina.startup.VersionLoggerListener.log Command line argument: -Dcatalina.home=C:\Users\Eoin\Desktop\College\KnowledgeAndDataEngineering\LFBAnimalRescueQueryApp\apache-tomcat-9.0.27
18-Nov-2019 14:37:02.653 INFO [main] org.apache.catalina.startup.VersionLoggerListener.log Command line argument: -Djava.io.tmpdir=C:\Users\Eoin\Desktop\College\KnowledgeAndDataEngineering\LFBAnimalRescueQueryApp\apache-tomcat-9.0.27\temp
18-Nov-2019 14:37:02.654 INFO [main] org.apache.catalina.core.AprLifecycleListener.lifecycleEvent Loaded APR based Apache Tomcat Native library [1.2.23] using APR version [1.7.0].
18-Nov-2019 14:37:02.655 INFO [main] org.apache.catalina.core.AprLifecycleListener.lifecycleEvent APR capabilities: IPv6 [true], sendfile [true], accept filters [false], random [true].
18-Nov-2019 14:37:02.655 INFO [main] org.apache.catalina.core.AprLifecycleListener.lifecycleEvent APR/OpenSSL configuration: useAprConnector [false], useOpenSSL [true]
18-Nov-2019 14:37:02.661 INFO [main] org.apache.catalina.core.AprLifecycleListener.initializeSSL OpenSSL successfully initialized [OpenSSL 1.1.1c  28 May 2019]
18-Nov-2019 14:37:02.925 INFO [main] org.apache.coyote.AbstractProtocol.init Initializing ProtocolHandler ["http-nio-8080"]
18-Nov-2019 14:37:03.157 INFO [main] org.apache.coyote.AbstractProtocol.init Initializing ProtocolHandler ["ajp-nio-8009"]
18-Nov-2019 14:37:03.160 INFO [main] org.apache.catalina.startup.Catalina.load Server initialization in [729] milliseconds
18-Nov-2019 14:37:03.200 INFO [main] org.apache.catalina.core.StandardService.startInternal Starting service [Catalina]
18-Nov-2019 14:37:03.201 INFO [main] org.apache.catalina.core.StandardEngine.startInternal Starting Servlet engine: [Apache Tomcat/9.0.27]
18-Nov-2019 14:37:03.213 INFO [main] org.apache.catalina.startup.HostConfig.deployDirectory Deploying web application directory [C:\Users\Eoin\Desktop\College\KnowledgeAndDataEngineering\LFBAnimalRescueQueryApp\apache-tomcat-9.0.27\webapps\docs]
18-Nov-2019 14:37:03.553 INFO [main] org.apache.catalina.startup.HostConfig.deployDirectory Deployment of web application directory [C:\Users\Eoin\Desktop\College\KnowledgeAndDataEngineering\LFBAnimalRescueQueryApp\apache-tomcat-9.0.27\webapps\docs] has finished in [340] ms
18-Nov-2019 14:37:03.554 INFO [main] org.apache.catalina.startup.HostConfig.deployDirectory Deploying web application directory [C:\Users\Eoin\Desktop\College\KnowledgeAndDataEngineering\LFBAnimalRescueQueryApp\apache-tomcat-9.0.27\webapps\examples]
18-Nov-2019 14:37:04.170 INFO [main] org.apache.catalina.startup.HostConfig.deployDirectory Deployment of web application directory [C:\Users\Eoin\Desktop\College\KnowledgeAndDataEngineering\LFBAnimalRescueQueryApp\apache-tomcat-9.0.27\webapps\examples] has finished in [615] ms
18-Nov-2019 14:37:04.170 INFO [main] org.apache.catalina.startup.HostConfig.deployDirectory Deploying web application directory [C:\Users\Eoin\Desktop\College\KnowledgeAndDataEngineering\LFBAnimalRescueQueryApp\apache-tomcat-9.0.27\webapps\fuseki]
18-Nov-2019 14:37:04.220 INFO [main] org.apache.catalina.startup.HostConfig.deployDirectory Deployment of web application directory [C:\Users\Eoin\Desktop\College\KnowledgeAndDataEngineering\LFBAnimalRescueQueryApp\apache-tomcat-9.0.27\webapps\fuseki] has finished in [50] ms
18-Nov-2019 14:37:04.221 INFO [main] org.apache.catalina.startup.HostConfig.deployDirectory Deploying web application directory [C:\Users\Eoin\Desktop\College\KnowledgeAndDataEngineering\LFBAnimalRescueQueryApp\apache-tomcat-9.0.27\webapps\host-manager]
18-Nov-2019 14:37:04.276 INFO [main] org.apache.catalina.startup.HostConfig.deployDirectory Deployment of web application directory [C:\Users\Eoin\Desktop\College\KnowledgeAndDataEngineering\LFBAnimalRescueQueryApp\apache-tomcat-9.0.27\webapps\host-manager] has finished in [55] ms
18-Nov-2019 14:37:04.276 INFO [main] org.apache.catalina.startup.HostConfig.deployDirectory Deploying web application directory [C:\Users\Eoin\Desktop\College\KnowledgeAndDataEngineering\LFBAnimalRescueQueryApp\apache-tomcat-9.0.27\webapps\manager]
18-Nov-2019 14:37:04.318 INFO [main] org.apache.catalina.startup.HostConfig.deployDirectory Deployment of web application directory [C:\Users\Eoin\Desktop\College\KnowledgeAndDataEngineering\LFBAnimalRescueQueryApp\apache-tomcat-9.0.27\webapps\manager] has finished in [42] ms
18-Nov-2019 14:37:04.319 INFO [main] org.apache.catalina.startup.HostConfig.deployDirectory Deploying web application directory [C:\Users\Eoin\Desktop\College\KnowledgeAndDataEngineering\LFBAnimalRescueQueryApp\apache-tomcat-9.0.27\webapps\ROOT]
18-Nov-2019 14:37:04.360 INFO [main] org.apache.catalina.startup.HostConfig.deployDirectory Deployment of web application directory [C:\Users\Eoin\Desktop\College\KnowledgeAndDataEngineering\LFBAnimalRescueQueryApp\apache-tomcat-9.0.27\webapps\ROOT] has finished in [41] ms
18-Nov-2019 14:37:04.367 INFO [main] org.apache.coyote.AbstractProtocol.start Starting ProtocolHandler ["http-nio-8080"]
18-Nov-2019 14:37:04.378 INFO [main] org.apache.coyote.AbstractProtocol.start Starting ProtocolHandler ["ajp-nio-8009"]
18-Nov-2019 14:37:04.401 INFO [main] org.apache.catalina.startup.Catalina.start Server startup in [1,240] milliseconds
18-Nov-2019 14:38:44.558 INFO [Catalina-utility-1] org.apache.catalina.startup.HostConfig.undeploy Undeploying context [/fuseki]
18-Nov-2019 14:38:44.617 INFO [Catalina-utility-1] org.apache.catalina.startup.HostConfig.deployWAR Deploying web application archive [C:\Users\Eoin\Desktop\College\KnowledgeAndDataEngineering\LFBAnimalRescueQueryApp\apache-tomcat-9.0.27\webapps\fuseki.war]
18-Nov-2019 14:38:55.160 INFO [Catalina-utility-1] org.apache.jasper.servlet.TldScanner.scanJars At least one JAR was scanned for TLDs yet contained no TLDs. Enable debug logging for this logger for a complete list of JARs that were scanned but no TLDs were found in them. Skipping unneeded JARs during scanning can improve startup time and JSP compilation time.
18-Nov-2019 14:38:59.464 INFO [Catalina-utility-1] org.apache.catalina.startup.HostConfig.deployWAR Deployment of web application archive [C:\Users\Eoin\Desktop\College\KnowledgeAndDataEngineering\LFBAnimalRescueQueryApp\apache-tomcat-9.0.27\webapps\fuseki.war] has finished in [14,846] ms
18-Nov-2019 14:52:34.203 INFO [main] org.apache.catalina.core.StandardServer.await A valid shutdown command was received via the shutdown port. Stopping the Server instance.
